25-04-19.13:29:24.153 [main            ] INFO  Application            - Starting Application using Java 17.0.13 with PID 259468 (/home/sc/rep/play/xfg/ai-rag-knowledge/ai-rag-knowledge/dev/target/classes started by sc in /home/sc/rep/play/xfg/ai-rag-knowledge/ai-rag-knowledge)
25-04-19.13:29:24.154 [main            ] INFO  Application            - The following 1 profile is active: "dev"
25-04-19.13:29:24.667 [main            ] INFO  RepositoryConfigurationDelegate - Multiple Spring Data modules found, entering strict repository configuration mode
25-04-19.13:29:24.669 [main            ] INFO  RepositoryConfigurationDelegate - Bootstrapping Spring Data Redis repositories in DEFAULT mode.
25-04-19.13:29:24.686 [main            ] INFO  RepositoryConfigurationDelegate - Finished Spring Data repository scanning in 7 ms. Found 0 Redis repository interfaces.
25-04-19.13:29:25.081 [main            ] INFO  TomcatWebServer        - Tomcat initialized with port 8090 (http)
25-04-19.13:29:25.087 [main            ] INFO  Http11NioProtocol      - Initializing ProtocolHandler ["http-nio-8090"]
25-04-19.13:29:25.088 [main            ] INFO  StandardService        - Starting service [Tomcat]
25-04-19.13:29:25.088 [main            ] INFO  StandardEngine         - Starting Servlet engine: [Apache Tomcat/10.1.19]
25-04-19.13:29:25.124 [main            ] INFO  [/]                    - Initializing Spring embedded WebApplicationContext
25-04-19.13:29:25.124 [main            ] INFO  ServletWebServerApplicationContext - Root WebApplicationContext: initialization completed in 828 ms
25-04-19.13:29:25.449 [main            ] INFO  HikariDataSource       - HikariCP - Starting...
25-04-19.13:29:25.541 [main            ] INFO  HikariPool             - HikariCP - Added connection org.postgresql.jdbc.PgConnection@9201d97
25-04-19.13:29:25.542 [main            ] INFO  HikariDataSource       - HikariCP - Start completed.
25-04-19.13:29:26.373 [main            ] INFO  Version                - Redisson 3.44.0
25-04-19.13:29:26.524 [redisson-netty-1-5] INFO  ConnectionsHolder      - 1 connections initialized for localhost/127.0.0.1:16379
25-04-19.13:29:26.538 [redisson-netty-1-14] INFO  ConnectionsHolder      - 5 connections initialized for localhost/127.0.0.1:16379
25-04-19.13:29:26.950 [main            ] INFO  Http11NioProtocol      - Starting ProtocolHandler ["http-nio-8090"]
25-04-19.13:29:26.959 [main            ] INFO  TomcatWebServer        - Tomcat started on port 8090 (http) with context path ''
25-04-19.13:29:26.966 [main            ] INFO  Application            - Started Application in 3.232 seconds (process running for 3.687)
25-04-19.13:29:50.310 [http-nio-8090-exec-1] INFO  [/]                    - Initializing Spring DispatcherServlet 'dispatcherServlet'
25-04-19.13:29:50.311 [http-nio-8090-exec-1] INFO  DispatcherServlet      - Initializing Servlet 'dispatcherServlet'
25-04-19.13:29:50.311 [http-nio-8090-exec-1] INFO  DispatcherServlet      - Completed initialization in 0 ms
25-04-19.13:30:34.851 [SpringApplicationShutdownHook] INFO  HikariDataSource       - HikariCP - Shutdown initiated...
25-04-19.13:30:34.852 [SpringApplicationShutdownHook] INFO  HikariDataSource       - HikariCP - Shutdown completed.
25-04-19.13:30:37.819 [main            ] INFO  Application            - Starting Application using Java 17.0.13 with PID 261050 (/home/sc/rep/play/xfg/ai-rag-knowledge/ai-rag-knowledge/dev/target/classes started by sc in /home/sc/rep/play/xfg/ai-rag-knowledge/ai-rag-knowledge)
25-04-19.13:30:37.820 [main            ] INFO  Application            - The following 1 profile is active: "dev"
25-04-19.13:30:38.307 [main            ] INFO  RepositoryConfigurationDelegate - Multiple Spring Data modules found, entering strict repository configuration mode
25-04-19.13:30:38.309 [main            ] INFO  RepositoryConfigurationDelegate - Bootstrapping Spring Data Redis repositories in DEFAULT mode.
25-04-19.13:30:38.324 [main            ] INFO  RepositoryConfigurationDelegate - Finished Spring Data repository scanning in 7 ms. Found 0 Redis repository interfaces.
25-04-19.13:30:38.705 [main            ] INFO  TomcatWebServer        - Tomcat initialized with port 8090 (http)
25-04-19.13:30:38.710 [main            ] INFO  Http11NioProtocol      - Initializing ProtocolHandler ["http-nio-8090"]
25-04-19.13:30:38.711 [main            ] INFO  StandardService        - Starting service [Tomcat]
25-04-19.13:30:38.711 [main            ] INFO  StandardEngine         - Starting Servlet engine: [Apache Tomcat/10.1.19]
25-04-19.13:30:38.746 [main            ] INFO  [/]                    - Initializing Spring embedded WebApplicationContext
25-04-19.13:30:38.746 [main            ] INFO  ServletWebServerApplicationContext - Root WebApplicationContext: initialization completed in 795 ms
25-04-19.13:30:39.032 [main            ] INFO  HikariDataSource       - HikariCP - Starting...
25-04-19.13:30:39.121 [main            ] INFO  HikariPool             - HikariCP - Added connection org.postgresql.jdbc.PgConnection@41db7ffb
25-04-19.13:30:39.123 [main            ] INFO  HikariDataSource       - HikariCP - Start completed.
25-04-19.13:30:39.383 [main            ] INFO  Version                - Redisson 3.44.0
25-04-19.13:30:39.517 [redisson-netty-1-5] INFO  ConnectionsHolder      - 1 connections initialized for localhost/127.0.0.1:16379
25-04-19.13:30:39.532 [redisson-netty-1-14] INFO  ConnectionsHolder      - 5 connections initialized for localhost/127.0.0.1:16379
25-04-19.13:30:39.905 [main            ] INFO  Http11NioProtocol      - Starting ProtocolHandler ["http-nio-8090"]
25-04-19.13:30:39.912 [main            ] INFO  TomcatWebServer        - Tomcat started on port 8090 (http) with context path ''
25-04-19.13:30:39.919 [main            ] INFO  Application            - Started Application in 2.456 seconds (process running for 2.779)
25-04-19.13:30:40.995 [http-nio-8090-exec-1] INFO  [/]                    - Initializing Spring DispatcherServlet 'dispatcherServlet'
25-04-19.13:30:40.995 [http-nio-8090-exec-1] INFO  DispatcherServlet      - Initializing Servlet 'dispatcherServlet'
25-04-19.13:30:40.996 [http-nio-8090-exec-1] INFO  DispatcherServlet      - Completed initialization in 1 ms
25-04-19.13:31:42.157 [SpringApplicationShutdownHook] INFO  HikariDataSource       - HikariCP - Shutdown initiated...
25-04-19.13:31:42.158 [SpringApplicationShutdownHook] INFO  HikariDataSource       - HikariCP - Shutdown completed.
25-04-19.13:31:45.360 [main            ] INFO  Application            - Starting Application using Java 17.0.13 with PID 262268 (/home/sc/rep/play/xfg/ai-rag-knowledge/ai-rag-knowledge/dev/target/classes started by sc in /home/sc/rep/play/xfg/ai-rag-knowledge/ai-rag-knowledge)
25-04-19.13:31:45.361 [main            ] INFO  Application            - The following 1 profile is active: "dev"
25-04-19.13:31:45.829 [main            ] INFO  RepositoryConfigurationDelegate - Multiple Spring Data modules found, entering strict repository configuration mode
25-04-19.13:31:45.830 [main            ] INFO  RepositoryConfigurationDelegate - Bootstrapping Spring Data Redis repositories in DEFAULT mode.
25-04-19.13:31:45.845 [main            ] INFO  RepositoryConfigurationDelegate - Finished Spring Data repository scanning in 6 ms. Found 0 Redis repository interfaces.
25-04-19.13:31:46.220 [main            ] INFO  TomcatWebServer        - Tomcat initialized with port 8090 (http)
25-04-19.13:31:46.226 [main            ] INFO  Http11NioProtocol      - Initializing ProtocolHandler ["http-nio-8090"]
25-04-19.13:31:46.226 [main            ] INFO  StandardService        - Starting service [Tomcat]
25-04-19.13:31:46.227 [main            ] INFO  StandardEngine         - Starting Servlet engine: [Apache Tomcat/10.1.19]
25-04-19.13:31:46.261 [main            ] INFO  [/]                    - Initializing Spring embedded WebApplicationContext
25-04-19.13:31:46.261 [main            ] INFO  ServletWebServerApplicationContext - Root WebApplicationContext: initialization completed in 772 ms
25-04-19.13:31:46.546 [main            ] INFO  HikariDataSource       - HikariCP - Starting...
25-04-19.13:31:46.644 [main            ] INFO  HikariPool             - HikariCP - Added connection org.postgresql.jdbc.PgConnection@1b022805
25-04-19.13:31:46.645 [main            ] INFO  HikariDataSource       - HikariCP - Start completed.
25-04-19.13:31:46.905 [main            ] INFO  Version                - Redisson 3.44.0
25-04-19.13:31:47.131 [redisson-netty-1-5] INFO  ConnectionsHolder      - 1 connections initialized for localhost/127.0.0.1:16379
25-04-19.13:31:47.147 [redisson-netty-1-14] INFO  ConnectionsHolder      - 5 connections initialized for localhost/127.0.0.1:16379
25-04-19.13:31:47.569 [main            ] INFO  Http11NioProtocol      - Starting ProtocolHandler ["http-nio-8090"]
25-04-19.13:31:47.577 [main            ] INFO  TomcatWebServer        - Tomcat started on port 8090 (http) with context path ''
25-04-19.13:31:47.585 [main            ] INFO  Application            - Started Application in 2.582 seconds (process running for 2.9)
25-04-19.13:31:53.095 [http-nio-8090-exec-1] INFO  [/]                    - Initializing Spring DispatcherServlet 'dispatcherServlet'
25-04-19.13:31:53.095 [http-nio-8090-exec-1] INFO  DispatcherServlet      - Initializing Servlet 'dispatcherServlet'
25-04-19.13:31:53.096 [http-nio-8090-exec-1] INFO  DispatcherServlet      - Completed initialization in 1 ms
25-04-19.13:33:44.290 [SpringApplicationShutdownHook] INFO  HikariDataSource       - HikariCP - Shutdown initiated...
25-04-19.13:33:44.292 [SpringApplicationShutdownHook] INFO  HikariDataSource       - HikariCP - Shutdown completed.
25-04-19.13:33:47.186 [main            ] INFO  Application            - Starting Application using Java 17.0.13 with PID 264282 (/home/sc/rep/play/xfg/ai-rag-knowledge/ai-rag-knowledge/dev/target/classes started by sc in /home/sc/rep/play/xfg/ai-rag-knowledge/ai-rag-knowledge)
25-04-19.13:33:47.187 [main            ] INFO  Application            - The following 1 profile is active: "dev"
25-04-19.13:33:47.735 [main            ] INFO  RepositoryConfigurationDelegate - Multiple Spring Data modules found, entering strict repository configuration mode
25-04-19.13:33:47.737 [main            ] INFO  RepositoryConfigurationDelegate - Bootstrapping Spring Data Redis repositories in DEFAULT mode.
25-04-19.13:33:47.755 [main            ] INFO  RepositoryConfigurationDelegate - Finished Spring Data repository scanning in 8 ms. Found 0 Redis repository interfaces.
25-04-19.13:33:48.195 [main            ] INFO  TomcatWebServer        - Tomcat initialized with port 8090 (http)
25-04-19.13:33:48.201 [main            ] INFO  Http11NioProtocol      - Initializing ProtocolHandler ["http-nio-8090"]
25-04-19.13:33:48.202 [main            ] INFO  StandardService        - Starting service [Tomcat]
25-04-19.13:33:48.202 [main            ] INFO  StandardEngine         - Starting Servlet engine: [Apache Tomcat/10.1.19]
25-04-19.13:33:48.241 [main            ] INFO  [/]                    - Initializing Spring embedded WebApplicationContext
25-04-19.13:33:48.241 [main            ] INFO  ServletWebServerApplicationContext - Root WebApplicationContext: initialization completed in 903 ms
25-04-19.13:33:48.573 [main            ] INFO  HikariDataSource       - HikariCP - Starting...
25-04-19.13:33:48.665 [main            ] INFO  HikariPool             - HikariCP - Added connection org.postgresql.jdbc.PgConnection@4a57dc0b
25-04-19.13:33:48.666 [main            ] INFO  HikariDataSource       - HikariCP - Start completed.
25-04-19.13:33:48.951 [main            ] INFO  Version                - Redisson 3.44.0
25-04-19.13:33:49.100 [redisson-netty-1-5] INFO  ConnectionsHolder      - 1 connections initialized for localhost/127.0.0.1:16379
25-04-19.13:33:49.114 [redisson-netty-1-14] INFO  ConnectionsHolder      - 5 connections initialized for localhost/127.0.0.1:16379
25-04-19.13:33:49.543 [main            ] INFO  Http11NioProtocol      - Starting ProtocolHandler ["http-nio-8090"]
25-04-19.13:33:49.550 [main            ] INFO  TomcatWebServer        - Tomcat started on port 8090 (http) with context path ''
25-04-19.13:33:49.557 [main            ] INFO  Application            - Started Application in 2.771 seconds (process running for 3.484)
25-04-19.13:34:01.560 [SpringApplicationShutdownHook] INFO  HikariDataSource       - HikariCP - Shutdown initiated...
25-04-19.13:34:01.562 [SpringApplicationShutdownHook] INFO  HikariDataSource       - HikariCP - Shutdown completed.
25-04-19.13:34:03.932 [main            ] INFO  Application            - Starting Application using Java 17.0.13 with PID 264801 (/home/sc/rep/play/xfg/ai-rag-knowledge/ai-rag-knowledge/dev/target/classes started by sc in /home/sc/rep/play/xfg/ai-rag-knowledge/ai-rag-knowledge)
25-04-19.13:34:03.933 [main            ] INFO  Application            - The following 1 profile is active: "dev"
25-04-19.13:34:04.464 [main            ] INFO  RepositoryConfigurationDelegate - Multiple Spring Data modules found, entering strict repository configuration mode
25-04-19.13:34:04.466 [main            ] INFO  RepositoryConfigurationDelegate - Bootstrapping Spring Data Redis repositories in DEFAULT mode.
25-04-19.13:34:04.482 [main            ] INFO  RepositoryConfigurationDelegate - Finished Spring Data repository scanning in 7 ms. Found 0 Redis repository interfaces.
25-04-19.13:34:04.911 [main            ] INFO  TomcatWebServer        - Tomcat initialized with port 8090 (http)
25-04-19.13:34:04.916 [main            ] INFO  Http11NioProtocol      - Initializing ProtocolHandler ["http-nio-8090"]
25-04-19.13:34:04.917 [main            ] INFO  StandardService        - Starting service [Tomcat]
25-04-19.13:34:04.917 [main            ] INFO  StandardEngine         - Starting Servlet engine: [Apache Tomcat/10.1.19]
25-04-19.13:34:04.955 [main            ] INFO  [/]                    - Initializing Spring embedded WebApplicationContext
25-04-19.13:34:04.956 [main            ] INFO  ServletWebServerApplicationContext - Root WebApplicationContext: initialization completed in 875 ms
25-04-19.13:34:05.300 [main            ] INFO  HikariDataSource       - HikariCP - Starting...
25-04-19.13:34:05.391 [main            ] INFO  HikariPool             - HikariCP - Added connection org.postgresql.jdbc.PgConnection@195092ed
25-04-19.13:34:05.392 [main            ] INFO  HikariDataSource       - HikariCP - Start completed.
25-04-19.13:34:05.679 [main            ] INFO  Version                - Redisson 3.44.0
25-04-19.13:34:05.804 [redisson-netty-1-5] INFO  ConnectionsHolder      - 1 connections initialized for localhost/127.0.0.1:16379
25-04-19.13:34:05.816 [redisson-netty-1-14] INFO  ConnectionsHolder      - 5 connections initialized for localhost/127.0.0.1:16379
25-04-19.13:34:06.240 [main            ] INFO  Http11NioProtocol      - Starting ProtocolHandler ["http-nio-8090"]
25-04-19.13:34:06.247 [main            ] INFO  TomcatWebServer        - Tomcat started on port 8090 (http) with context path ''
25-04-19.13:34:06.253 [main            ] INFO  Application            - Started Application in 2.742 seconds (process running for 3.24)
25-04-19.13:37:45.260 [http-nio-8090-exec-1] INFO  [/]                    - Initializing Spring DispatcherServlet 'dispatcherServlet'
25-04-19.13:37:45.260 [http-nio-8090-exec-1] INFO  DispatcherServlet      - Initializing Servlet 'dispatcherServlet'
25-04-19.13:37:45.261 [http-nio-8090-exec-1] INFO  DispatcherServlet      - Completed initialization in 1 ms
25-04-19.13:39:44.245 [SpringApplicationShutdownHook] INFO  HikariDataSource       - HikariCP - Shutdown initiated...
25-04-19.13:39:44.247 [SpringApplicationShutdownHook] INFO  HikariDataSource       - HikariCP - Shutdown completed.
25-04-19.13:39:46.819 [main            ] INFO  Application            - Starting Application using Java 17.0.13 with PID 269706 (/home/sc/rep/play/xfg/ai-rag-knowledge/ai-rag-knowledge/dev/target/classes started by sc in /home/sc/rep/play/xfg/ai-rag-knowledge/ai-rag-knowledge)
25-04-19.13:39:46.820 [main            ] INFO  Application            - The following 1 profile is active: "dev"
25-04-19.13:39:47.342 [main            ] INFO  RepositoryConfigurationDelegate - Multiple Spring Data modules found, entering strict repository configuration mode
25-04-19.13:39:47.344 [main            ] INFO  RepositoryConfigurationDelegate - Bootstrapping Spring Data Redis repositories in DEFAULT mode.
25-04-19.13:39:47.361 [main            ] INFO  RepositoryConfigurationDelegate - Finished Spring Data repository scanning in 7 ms. Found 0 Redis repository interfaces.
25-04-19.13:39:47.788 [main            ] INFO  TomcatWebServer        - Tomcat initialized with port 8090 (http)
25-04-19.13:39:47.793 [main            ] INFO  Http11NioProtocol      - Initializing ProtocolHandler ["http-nio-8090"]
25-04-19.13:39:47.794 [main            ] INFO  StandardService        - Starting service [Tomcat]
25-04-19.13:39:47.795 [main            ] INFO  StandardEngine         - Starting Servlet engine: [Apache Tomcat/10.1.19]
25-04-19.13:39:47.833 [main            ] INFO  [/]                    - Initializing Spring embedded WebApplicationContext
25-04-19.13:39:47.833 [main            ] INFO  ServletWebServerApplicationContext - Root WebApplicationContext: initialization completed in 872 ms
25-04-19.13:39:48.161 [main            ] INFO  HikariDataSource       - HikariCP - Starting...
25-04-19.13:39:48.251 [main            ] INFO  HikariPool             - HikariCP - Added connection org.postgresql.jdbc.PgConnection@4a57dc0b
25-04-19.13:39:48.252 [main            ] INFO  HikariDataSource       - HikariCP - Start completed.
25-04-19.13:39:48.799 [main            ] INFO  Version                - Redisson 3.44.0
25-04-19.13:39:48.956 [redisson-netty-1-5] INFO  ConnectionsHolder      - 1 connections initialized for localhost/127.0.0.1:16379
25-04-19.13:39:48.971 [redisson-netty-1-14] INFO  ConnectionsHolder      - 5 connections initialized for localhost/127.0.0.1:16379
25-04-19.13:39:49.386 [main            ] INFO  Http11NioProtocol      - Starting ProtocolHandler ["http-nio-8090"]
25-04-19.13:39:49.393 [main            ] INFO  TomcatWebServer        - Tomcat started on port 8090 (http) with context path ''
25-04-19.13:39:49.400 [main            ] INFO  Application            - Started Application in 2.995 seconds (process running for 3.458)
25-04-19.13:39:59.225 [http-nio-8090-exec-1] INFO  [/]                    - Initializing Spring DispatcherServlet 'dispatcherServlet'
25-04-19.13:39:59.225 [http-nio-8090-exec-1] INFO  DispatcherServlet      - Initializing Servlet 'dispatcherServlet'
25-04-19.13:39:59.226 [http-nio-8090-exec-1] INFO  DispatcherServlet      - Completed initialization in 1 ms
25-04-19.13:42:49.316 [SpringApplicationShutdownHook] INFO  HikariDataSource       - HikariCP - Shutdown initiated...
25-04-19.13:42:49.317 [SpringApplicationShutdownHook] INFO  HikariDataSource       - HikariCP - Shutdown completed.
25-04-19.13:42:51.752 [main            ] INFO  Application            - Starting Application using Java 17.0.13 with PID 272629 (/home/sc/rep/play/xfg/ai-rag-knowledge/ai-rag-knowledge/dev/target/classes started by sc in /home/sc/rep/play/xfg/ai-rag-knowledge/ai-rag-knowledge)
25-04-19.13:42:51.753 [main            ] INFO  Application            - The following 1 profile is active: "dev"
25-04-19.13:42:52.283 [main            ] INFO  RepositoryConfigurationDelegate - Multiple Spring Data modules found, entering strict repository configuration mode
25-04-19.13:42:52.285 [main            ] INFO  RepositoryConfigurationDelegate - Bootstrapping Spring Data Redis repositories in DEFAULT mode.
25-04-19.13:42:52.303 [main            ] INFO  RepositoryConfigurationDelegate - Finished Spring Data repository scanning in 9 ms. Found 0 Redis repository interfaces.
25-04-19.13:42:52.732 [main            ] INFO  TomcatWebServer        - Tomcat initialized with port 8090 (http)
25-04-19.13:42:52.737 [main            ] INFO  Http11NioProtocol      - Initializing ProtocolHandler ["http-nio-8090"]
25-04-19.13:42:52.738 [main            ] INFO  StandardService        - Starting service [Tomcat]
25-04-19.13:42:52.739 [main            ] INFO  StandardEngine         - Starting Servlet engine: [Apache Tomcat/10.1.19]
25-04-19.13:42:52.776 [main            ] INFO  [/]                    - Initializing Spring embedded WebApplicationContext
25-04-19.13:42:52.776 [main            ] INFO  ServletWebServerApplicationContext - Root WebApplicationContext: initialization completed in 878 ms
25-04-19.13:42:53.101 [main            ] INFO  HikariDataSource       - HikariCP - Starting...
25-04-19.13:42:53.191 [main            ] INFO  HikariPool             - HikariCP - Added connection org.postgresql.jdbc.PgConnection@7c48496b
25-04-19.13:42:53.192 [main            ] INFO  HikariDataSource       - HikariCP - Start completed.
25-04-19.13:42:53.471 [main            ] INFO  Version                - Redisson 3.44.0
25-04-19.13:42:53.625 [redisson-netty-1-5] INFO  ConnectionsHolder      - 1 connections initialized for localhost/127.0.0.1:16379
25-04-19.13:42:53.641 [redisson-netty-1-14] INFO  ConnectionsHolder      - 5 connections initialized for localhost/127.0.0.1:16379
25-04-19.13:42:54.043 [main            ] INFO  Http11NioProtocol      - Starting ProtocolHandler ["http-nio-8090"]
25-04-19.13:42:54.050 [main            ] INFO  TomcatWebServer        - Tomcat started on port 8090 (http) with context path ''
25-04-19.13:42:54.056 [main            ] INFO  Application            - Started Application in 2.712 seconds (process running for 3.163)
25-04-19.13:42:55.897 [http-nio-8090-exec-1] INFO  [/]                    - Initializing Spring DispatcherServlet 'dispatcherServlet'
25-04-19.13:42:55.897 [http-nio-8090-exec-1] INFO  DispatcherServlet      - Initializing Servlet 'dispatcherServlet'
25-04-19.13:42:55.898 [http-nio-8090-exec-1] INFO  DispatcherServlet      - Completed initialization in 1 ms
25-04-19.13:48:36.565 [SpringApplicationShutdownHook] INFO  HikariDataSource       - HikariCP - Shutdown initiated...
25-04-19.13:48:36.567 [SpringApplicationShutdownHook] INFO  HikariDataSource       - HikariCP - Shutdown completed.
25-04-19.13:48:38.883 [main            ] INFO  Application            - Starting Application using Java 17.0.13 with PID 277872 (/home/sc/rep/play/xfg/ai-rag-knowledge/ai-rag-knowledge/dev/target/classes started by sc in /home/sc/rep/play/xfg/ai-rag-knowledge/ai-rag-knowledge)
25-04-19.13:48:38.885 [main            ] INFO  Application            - The following 1 profile is active: "dev"
25-04-19.13:48:39.419 [main            ] INFO  RepositoryConfigurationDelegate - Multiple Spring Data modules found, entering strict repository configuration mode
25-04-19.13:48:39.421 [main            ] INFO  RepositoryConfigurationDelegate - Bootstrapping Spring Data Redis repositories in DEFAULT mode.
25-04-19.13:48:39.437 [main            ] INFO  RepositoryConfigurationDelegate - Finished Spring Data repository scanning in 7 ms. Found 0 Redis repository interfaces.
25-04-19.13:48:39.864 [main            ] INFO  TomcatWebServer        - Tomcat initialized with port 8090 (http)
25-04-19.13:48:39.870 [main            ] INFO  Http11NioProtocol      - Initializing ProtocolHandler ["http-nio-8090"]
25-04-19.13:48:39.871 [main            ] INFO  StandardService        - Starting service [Tomcat]
25-04-19.13:48:39.871 [main            ] INFO  StandardEngine         - Starting Servlet engine: [Apache Tomcat/10.1.19]
25-04-19.13:48:39.909 [main            ] INFO  [/]                    - Initializing Spring embedded WebApplicationContext
25-04-19.13:48:39.910 [main            ] INFO  ServletWebServerApplicationContext - Root WebApplicationContext: initialization completed in 878 ms
25-04-19.13:48:40.242 [main            ] INFO  HikariDataSource       - HikariCP - Starting...
25-04-19.13:48:40.335 [main            ] INFO  HikariPool             - HikariCP - Added connection org.postgresql.jdbc.PgConnection@4a57dc0b
25-04-19.13:48:40.337 [main            ] INFO  HikariDataSource       - HikariCP - Start completed.
25-04-19.13:48:40.885 [main            ] INFO  Version                - Redisson 3.44.0
25-04-19.13:48:41.115 [redisson-netty-1-5] INFO  ConnectionsHolder      - 1 connections initialized for localhost/127.0.0.1:16379
25-04-19.13:48:41.134 [redisson-netty-1-14] INFO  ConnectionsHolder      - 5 connections initialized for localhost/127.0.0.1:16379
25-04-19.13:48:41.569 [main            ] INFO  Http11NioProtocol      - Starting ProtocolHandler ["http-nio-8090"]
25-04-19.13:48:41.576 [main            ] INFO  TomcatWebServer        - Tomcat started on port 8090 (http) with context path ''
25-04-19.13:48:41.583 [main            ] INFO  Application            - Started Application in 3.108 seconds (process running for 3.588)
25-04-19.13:48:43.733 [http-nio-8090-exec-1] INFO  [/]                    - Initializing Spring DispatcherServlet 'dispatcherServlet'
25-04-19.13:48:43.733 [http-nio-8090-exec-1] INFO  DispatcherServlet      - Initializing Servlet 'dispatcherServlet'
25-04-19.13:48:43.734 [http-nio-8090-exec-1] INFO  DispatcherServlet      - Completed initialization in 1 ms
25-04-19.13:48:56.552 [SpringApplicationShutdownHook] INFO  HikariDataSource       - HikariCP - Shutdown initiated...
25-04-19.13:48:56.553 [SpringApplicationShutdownHook] INFO  HikariDataSource       - HikariCP - Shutdown completed.
25-04-19.13:49:57.228 [main            ] INFO  Application            - Starting Application using Java 17.0.13 with PID 279250 (/home/sc/rep/play/xfg/ai-rag-knowledge/ai-rag-knowledge/dev/target/classes started by sc in /home/sc/rep/play/xfg/ai-rag-knowledge/ai-rag-knowledge)
25-04-19.13:49:57.229 [main            ] INFO  Application            - The following 1 profile is active: "dev"
25-04-19.13:49:57.697 [main            ] INFO  RepositoryConfigurationDelegate - Multiple Spring Data modules found, entering strict repository configuration mode
25-04-19.13:49:57.699 [main            ] INFO  RepositoryConfigurationDelegate - Bootstrapping Spring Data Redis repositories in DEFAULT mode.
25-04-19.13:49:57.714 [main            ] INFO  RepositoryConfigurationDelegate - Finished Spring Data repository scanning in 6 ms. Found 0 Redis repository interfaces.
25-04-19.13:49:58.084 [main            ] INFO  TomcatWebServer        - Tomcat initialized with port 8090 (http)
25-04-19.13:49:58.090 [main            ] INFO  Http11NioProtocol      - Initializing ProtocolHandler ["http-nio-8090"]
25-04-19.13:49:58.091 [main            ] INFO  StandardService        - Starting service [Tomcat]
25-04-19.13:49:58.091 [main            ] INFO  StandardEngine         - Starting Servlet engine: [Apache Tomcat/10.1.19]
25-04-19.13:49:58.126 [main            ] INFO  [/]                    - Initializing Spring embedded WebApplicationContext
25-04-19.13:49:58.126 [main            ] INFO  ServletWebServerApplicationContext - Root WebApplicationContext: initialization completed in 767 ms
25-04-19.13:49:58.413 [main            ] INFO  HikariDataSource       - HikariCP - Starting...
25-04-19.13:49:58.498 [main            ] INFO  HikariPool             - HikariCP - Added connection org.postgresql.jdbc.PgConnection@7b4783c3
25-04-19.13:49:58.499 [main            ] INFO  HikariDataSource       - HikariCP - Start completed.
25-04-19.13:49:58.752 [main            ] INFO  Version                - Redisson 3.44.0
25-04-19.13:49:58.861 [redisson-netty-1-5] INFO  ConnectionsHolder      - 1 connections initialized for localhost/127.0.0.1:16379
25-04-19.13:49:58.874 [redisson-netty-1-14] INFO  ConnectionsHolder      - 5 connections initialized for localhost/127.0.0.1:16379
25-04-19.13:49:59.258 [main            ] INFO  Http11NioProtocol      - Starting ProtocolHandler ["http-nio-8090"]
25-04-19.13:49:59.265 [main            ] INFO  TomcatWebServer        - Tomcat started on port 8090 (http) with context path ''
25-04-19.13:49:59.271 [main            ] INFO  Application            - Started Application in 2.42 seconds (process running for 2.741)
25-04-19.13:50:11.222 [http-nio-8090-exec-1] INFO  [/]                    - Initializing Spring DispatcherServlet 'dispatcherServlet'
25-04-19.13:50:11.222 [http-nio-8090-exec-1] INFO  DispatcherServlet      - Initializing Servlet 'dispatcherServlet'
25-04-19.13:50:11.223 [http-nio-8090-exec-1] INFO  DispatcherServlet      - Completed initialization in 1 ms
25-04-19.13:51:44.292 [SpringApplicationShutdownHook] INFO  HikariDataSource       - HikariCP - Shutdown initiated...
25-04-19.13:51:44.293 [SpringApplicationShutdownHook] INFO  HikariDataSource       - HikariCP - Shutdown completed.
25-04-19.13:51:46.516 [main            ] INFO  Application            - Starting Application using Java 17.0.13 with PID 281313 (/home/sc/rep/play/xfg/ai-rag-knowledge/ai-rag-knowledge/dev/target/classes started by sc in /home/sc/rep/play/xfg/ai-rag-knowledge/ai-rag-knowledge)
25-04-19.13:51:46.517 [main            ] INFO  Application            - The following 1 profile is active: "dev"
25-04-19.13:51:46.996 [main            ] INFO  RepositoryConfigurationDelegate - Multiple Spring Data modules found, entering strict repository configuration mode
25-04-19.13:51:46.997 [main            ] INFO  RepositoryConfigurationDelegate - Bootstrapping Spring Data Redis repositories in DEFAULT mode.
25-04-19.13:51:47.013 [main            ] INFO  RepositoryConfigurationDelegate - Finished Spring Data repository scanning in 7 ms. Found 0 Redis repository interfaces.
25-04-19.13:51:47.386 [main            ] INFO  TomcatWebServer        - Tomcat initialized with port 8090 (http)
25-04-19.13:51:47.391 [main            ] INFO  Http11NioProtocol      - Initializing ProtocolHandler ["http-nio-8090"]
25-04-19.13:51:47.392 [main            ] INFO  StandardService        - Starting service [Tomcat]
25-04-19.13:51:47.392 [main            ] INFO  StandardEngine         - Starting Servlet engine: [Apache Tomcat/10.1.19]
25-04-19.13:51:47.427 [main            ] INFO  [/]                    - Initializing Spring embedded WebApplicationContext
25-04-19.13:51:47.427 [main            ] INFO  ServletWebServerApplicationContext - Root WebApplicationContext: initialization completed in 781 ms
25-04-19.13:51:47.727 [main            ] INFO  HikariDataSource       - HikariCP - Starting...
25-04-19.13:51:47.811 [main            ] INFO  HikariPool             - HikariCP - Added connection org.postgresql.jdbc.PgConnection@9201d97
25-04-19.13:51:47.812 [main            ] INFO  HikariDataSource       - HikariCP - Start completed.
25-04-19.13:51:48.070 [main            ] INFO  Version                - Redisson 3.44.0
25-04-19.13:51:48.180 [redisson-netty-1-5] INFO  ConnectionsHolder      - 1 connections initialized for localhost/127.0.0.1:16379
25-04-19.13:51:48.193 [redisson-netty-1-14] INFO  ConnectionsHolder      - 5 connections initialized for localhost/127.0.0.1:16379
25-04-19.13:51:48.565 [main            ] INFO  Http11NioProtocol      - Starting ProtocolHandler ["http-nio-8090"]
25-04-19.13:51:48.572 [main            ] INFO  TomcatWebServer        - Tomcat started on port 8090 (http) with context path ''
25-04-19.13:51:48.578 [main            ] INFO  Application            - Started Application in 2.425 seconds (process running for 2.738)
25-04-19.13:51:49.117 [http-nio-8090-exec-1] INFO  [/]                    - Initializing Spring DispatcherServlet 'dispatcherServlet'
25-04-19.13:51:49.117 [http-nio-8090-exec-1] INFO  DispatcherServlet      - Initializing Servlet 'dispatcherServlet'
25-04-19.13:51:49.118 [http-nio-8090-exec-1] INFO  DispatcherServlet      - Completed initialization in 1 ms
25-04-19.13:57:31.105 [SpringApplicationShutdownHook] INFO  HikariDataSource       - HikariCP - Shutdown initiated...
25-04-19.13:57:31.106 [SpringApplicationShutdownHook] INFO  HikariDataSource       - HikariCP - Shutdown completed.
25-04-19.13:57:33.341 [main            ] INFO  Application            - Starting Application using Java 17.0.13 with PID 287071 (/home/sc/rep/play/xfg/ai-rag-knowledge/ai-rag-knowledge/dev/target/classes started by sc in /home/sc/rep/play/xfg/ai-rag-knowledge/ai-rag-knowledge)
25-04-19.13:57:33.342 [main            ] INFO  Application            - The following 1 profile is active: "dev"
25-04-19.13:57:33.814 [main            ] INFO  RepositoryConfigurationDelegate - Multiple Spring Data modules found, entering strict repository configuration mode
25-04-19.13:57:33.816 [main            ] INFO  RepositoryConfigurationDelegate - Bootstrapping Spring Data Redis repositories in DEFAULT mode.
25-04-19.13:57:33.831 [main            ] INFO  RepositoryConfigurationDelegate - Finished Spring Data repository scanning in 7 ms. Found 0 Redis repository interfaces.
25-04-19.13:57:34.194 [main            ] INFO  TomcatWebServer        - Tomcat initialized with port 8090 (http)
25-04-19.13:57:34.199 [main            ] INFO  Http11NioProtocol      - Initializing ProtocolHandler ["http-nio-8090"]
25-04-19.13:57:34.200 [main            ] INFO  StandardService        - Starting service [Tomcat]
25-04-19.13:57:34.200 [main            ] INFO  StandardEngine         - Starting Servlet engine: [Apache Tomcat/10.1.19]
25-04-19.13:57:34.236 [main            ] INFO  [/]                    - Initializing Spring embedded WebApplicationContext
25-04-19.13:57:34.237 [main            ] INFO  ServletWebServerApplicationContext - Root WebApplicationContext: initialization completed in 766 ms
25-04-19.13:57:34.525 [main            ] INFO  HikariDataSource       - HikariCP - Starting...
25-04-19.13:57:34.608 [main            ] INFO  HikariPool             - HikariCP - Added connection org.postgresql.jdbc.PgConnection@2d53aea0
25-04-19.13:57:34.610 [main            ] INFO  HikariDataSource       - HikariCP - Start completed.
25-04-19.13:57:35.124 [main            ] INFO  Version                - Redisson 3.44.0
25-04-19.13:57:35.239 [redisson-netty-1-5] INFO  ConnectionsHolder      - 1 connections initialized for localhost/127.0.0.1:16379
25-04-19.13:57:35.251 [redisson-netty-1-14] INFO  ConnectionsHolder      - 5 connections initialized for localhost/127.0.0.1:16379
25-04-19.13:57:35.616 [main            ] INFO  Http11NioProtocol      - Starting ProtocolHandler ["http-nio-8090"]
25-04-19.13:57:35.623 [main            ] INFO  TomcatWebServer        - Tomcat started on port 8090 (http) with context path ''
25-04-19.13:57:35.629 [main            ] INFO  Application            - Started Application in 2.658 seconds (process running for 2.974)
25-04-19.13:57:39.574 [http-nio-8090-exec-1] INFO  [/]                    - Initializing Spring DispatcherServlet 'dispatcherServlet'
25-04-19.13:57:39.574 [http-nio-8090-exec-1] INFO  DispatcherServlet      - Initializing Servlet 'dispatcherServlet'
25-04-19.13:57:39.575 [http-nio-8090-exec-1] INFO  DispatcherServlet      - Completed initialization in 1 ms
25-04-19.13:58:53.390 [SpringApplicationShutdownHook] INFO  HikariDataSource       - HikariCP - Shutdown initiated...
25-04-19.13:58:53.391 [SpringApplicationShutdownHook] INFO  HikariDataSource       - HikariCP - Shutdown completed.
25-04-19.13:58:55.715 [main            ] INFO  Application            - Starting Application using Java 17.0.13 with PID 288777 (/home/sc/rep/play/xfg/ai-rag-knowledge/ai-rag-knowledge/dev/target/classes started by sc in /home/sc/rep/play/xfg/ai-rag-knowledge/ai-rag-knowledge)
25-04-19.13:58:55.716 [main            ] INFO  Application            - The following 1 profile is active: "dev"
25-04-19.13:58:56.188 [main            ] INFO  RepositoryConfigurationDelegate - Multiple Spring Data modules found, entering strict repository configuration mode
25-04-19.13:58:56.190 [main            ] INFO  RepositoryConfigurationDelegate - Bootstrapping Spring Data Redis repositories in DEFAULT mode.
25-04-19.13:58:56.205 [main            ] INFO  RepositoryConfigurationDelegate - Finished Spring Data repository scanning in 6 ms. Found 0 Redis repository interfaces.
25-04-19.13:58:56.579 [main            ] INFO  TomcatWebServer        - Tomcat initialized with port 8090 (http)
25-04-19.13:58:56.584 [main            ] INFO  Http11NioProtocol      - Initializing ProtocolHandler ["http-nio-8090"]
25-04-19.13:58:56.585 [main            ] INFO  StandardService        - Starting service [Tomcat]
25-04-19.13:58:56.585 [main            ] INFO  StandardEngine         - Starting Servlet engine: [Apache Tomcat/10.1.19]
25-04-19.13:58:56.620 [main            ] INFO  [/]                    - Initializing Spring embedded WebApplicationContext
25-04-19.13:58:56.620 [main            ] INFO  ServletWebServerApplicationContext - Root WebApplicationContext: initialization completed in 770 ms
25-04-19.13:58:56.907 [main            ] INFO  HikariDataSource       - HikariCP - Starting...
25-04-19.13:58:56.997 [main            ] INFO  HikariPool             - HikariCP - Added connection org.postgresql.jdbc.PgConnection@52ef414a
25-04-19.13:58:56.998 [main            ] INFO  HikariDataSource       - HikariCP - Start completed.
25-04-19.13:58:57.254 [main            ] INFO  Version                - Redisson 3.44.0
25-04-19.13:58:57.383 [redisson-netty-1-5] INFO  ConnectionsHolder      - 1 connections initialized for localhost/127.0.0.1:16379
25-04-19.13:58:57.395 [redisson-netty-1-14] INFO  ConnectionsHolder      - 5 connections initialized for localhost/127.0.0.1:16379
25-04-19.13:58:57.759 [main            ] INFO  Http11NioProtocol      - Starting ProtocolHandler ["http-nio-8090"]
25-04-19.13:58:57.765 [main            ] INFO  TomcatWebServer        - Tomcat started on port 8090 (http) with context path ''
25-04-19.13:58:57.772 [main            ] INFO  Application            - Started Application in 2.429 seconds (process running for 2.746)
25-04-19.13:58:58.599 [http-nio-8090-exec-1] INFO  [/]                    - Initializing Spring DispatcherServlet 'dispatcherServlet'
25-04-19.13:58:58.599 [http-nio-8090-exec-1] INFO  DispatcherServlet      - Initializing Servlet 'dispatcherServlet'
25-04-19.13:58:58.600 [http-nio-8090-exec-1] INFO  DispatcherServlet      - Completed initialization in 1 ms
25-04-19.14:08:48.815 [SpringApplicationShutdownHook] INFO  HikariDataSource       - HikariCP - Shutdown initiated...
25-04-19.14:08:48.816 [SpringApplicationShutdownHook] INFO  HikariDataSource       - HikariCP - Shutdown completed.
25-04-19.14:54:49.061 [main            ] INFO  Application            - Starting Application using Java 17.0.13 with PID 353280 (/home/sc/rep/play/xfg/ai-rag-knowledge/ai-rag-knowledge/dev/target/classes started by sc in /home/sc/rep/play/xfg/ai-rag-knowledge/ai-rag-knowledge)
25-04-19.14:54:49.062 [main            ] INFO  Application            - The following 1 profile is active: "dev"
25-04-19.14:54:49.557 [main            ] INFO  RepositoryConfigurationDelegate - Multiple Spring Data modules found, entering strict repository configuration mode
25-04-19.14:54:49.558 [main            ] INFO  RepositoryConfigurationDelegate - Bootstrapping Spring Data Redis repositories in DEFAULT mode.
25-04-19.14:54:49.573 [main            ] INFO  RepositoryConfigurationDelegate - Finished Spring Data repository scanning in 6 ms. Found 0 Redis repository interfaces.
25-04-19.14:54:49.954 [main            ] INFO  TomcatWebServer        - Tomcat initialized with port 8090 (http)
25-04-19.14:54:49.960 [main            ] INFO  Http11NioProtocol      - Initializing ProtocolHandler ["http-nio-8090"]
25-04-19.14:54:49.961 [main            ] INFO  StandardService        - Starting service [Tomcat]
25-04-19.14:54:49.961 [main            ] INFO  StandardEngine         - Starting Servlet engine: [Apache Tomcat/10.1.19]
25-04-19.14:54:49.996 [main            ] INFO  [/]                    - Initializing Spring embedded WebApplicationContext
25-04-19.14:54:49.996 [main            ] INFO  ServletWebServerApplicationContext - Root WebApplicationContext: initialization completed in 804 ms
25-04-19.14:54:50.297 [main            ] INFO  HikariDataSource       - HikariCP - Starting...
25-04-19.14:54:50.388 [main            ] INFO  HikariPool             - HikariCP - Added connection org.postgresql.jdbc.PgConnection@510d7b47
25-04-19.14:54:50.389 [main            ] INFO  HikariDataSource       - HikariCP - Start completed.
25-04-19.14:54:51.167 [main            ] INFO  Version                - Redisson 3.44.0
25-04-19.14:54:51.287 [redisson-netty-1-5] INFO  ConnectionsHolder      - 1 connections initialized for localhost/127.0.0.1:16379
25-04-19.14:54:51.301 [redisson-netty-1-14] INFO  ConnectionsHolder      - 5 connections initialized for localhost/127.0.0.1:16379
25-04-19.14:54:51.680 [main            ] INFO  Http11NioProtocol      - Starting ProtocolHandler ["http-nio-8090"]
25-04-19.14:54:51.687 [main            ] INFO  TomcatWebServer        - Tomcat started on port 8090 (http) with context path ''
25-04-19.14:54:51.693 [main            ] INFO  Application            - Started Application in 2.994 seconds (process running for 3.324)
25-04-19.14:55:00.780 [http-nio-8090-exec-1] INFO  [/]                    - Initializing Spring DispatcherServlet 'dispatcherServlet'
25-04-19.14:55:00.781 [http-nio-8090-exec-1] INFO  DispatcherServlet      - Initializing Servlet 'dispatcherServlet'
25-04-19.14:55:00.782 [http-nio-8090-exec-1] INFO  DispatcherServlet      - Completed initialization in 1 ms
25-04-19.14:55:00.800 [http-nio-8090-exec-1] ERROR [dispatcherServlet]    - Servlet.service() for servlet [dispatcherServlet] in context with path [] threw exception [Request processing failed: java.lang.IllegalArgumentException: Name for argument of type [java.lang.String] not specified, and parameter name information not available via reflection. Ensure that the compiler uses the '-parameters' flag.] with root cause
java.lang.IllegalArgumentException: Name for argument of type [java.lang.String] not specified, and parameter name information not available via reflection. Ensure that the compiler uses the '-parameters' flag.
	at org.springframework.web.method.annotation.AbstractNamedValueMethodArgumentResolver.updateNamedValueInfo(AbstractNamedValueMethodArgumentResolver.java:185)
	at org.springframework.web.method.annotation.AbstractNamedValueMethodArgumentResolver.getNamedValueInfo(AbstractNamedValueMethodArgumentResolver.java:160)
	at org.springframework.web.method.annotation.AbstractNamedValueMethodArgumentResolver.resolveArgument(AbstractNamedValueMethodArgumentResolver.java:106)
	at org.springframework.web.method.support.HandlerMethodArgumentResolverComposite.resolveArgument(HandlerMethodArgumentResolverComposite.java:122)
	at org.springframework.web.method.support.InvocableHandlerMethod.getMethodArgumentValues(InvocableHandlerMethod.java:228)
	at org.springframework.web.method.support.InvocableHandlerMethod.invokeForRequest(InvocableHandlerMethod.java:182)
	at org.springframework.web.servlet.mvc.method.annotation.ServletInvocableHandlerMethod.invokeAndHandle(ServletInvocableHandlerMethod.java:118)
	at org.springframework.web.servlet.mvc.method.annotation.RequestMappingHandlerAdapter.invokeHandlerMethod(RequestMappingHandlerAdapter.java:920)
	at org.springframework.web.servlet.mvc.method.annotation.RequestMappingHandlerAdapter.handleInternal(RequestMappingHandlerAdapter.java:830)
	at org.springframework.web.servlet.mvc.method.AbstractHandlerMethodAdapter.handle(AbstractHandlerMethodAdapter.java:87)
	at org.springframework.web.servlet.DispatcherServlet.doDispatch(DispatcherServlet.java:1089)
	at org.springframework.web.servlet.DispatcherServlet.doService(DispatcherServlet.java:979)
	at org.springframework.web.servlet.FrameworkServlet.processRequest(FrameworkServlet.java:1014)
	at org.springframework.web.servlet.FrameworkServlet.doGet(FrameworkServlet.java:903)
	at jakarta.servlet.http.HttpServlet.service(HttpServlet.java:564)
	at org.springframework.web.servlet.FrameworkServlet.service(FrameworkServlet.java:885)
	at jakarta.servlet.http.HttpServlet.service(HttpServlet.java:658)
	at org.apache.catalina.core.ApplicationFilterChain.internalDoFilter(ApplicationFilterChain.java:205)
	at org.apache.catalina.core.ApplicationFilterChain.doFilter(ApplicationFilterChain.java:149)
	at org.apache.tomcat.websocket.server.WsFilter.doFilter(WsFilter.java:51)
	at org.apache.catalina.core.ApplicationFilterChain.internalDoFilter(ApplicationFilterChain.java:174)
	at org.apache.catalina.core.ApplicationFilterChain.doFilter(ApplicationFilterChain.java:149)
	at org.springframework.web.filter.RequestContextFilter.doFilterInternal(RequestContextFilter.java:100)
	at org.springframework.web.filter.OncePerRequestFilter.doFilter(OncePerRequestFilter.java:116)
	at org.apache.catalina.core.ApplicationFilterChain.internalDoFilter(ApplicationFilterChain.java:174)
	at org.apache.catalina.core.ApplicationFilterChain.doFilter(ApplicationFilterChain.java:149)
	at org.springframework.web.filter.FormContentFilter.doFilterInternal(FormContentFilter.java:93)
	at org.springframework.web.filter.OncePerRequestFilter.doFilter(OncePerRequestFilter.java:116)
	at org.apache.catalina.core.ApplicationFilterChain.internalDoFilter(ApplicationFilterChain.java:174)
	at org.apache.catalina.core.ApplicationFilterChain.doFilter(ApplicationFilterChain.java:149)
	at org.springframework.web.filter.CharacterEncodingFilter.doFilterInternal(CharacterEncodingFilter.java:201)
	at org.springframework.web.filter.OncePerRequestFilter.doFilter(OncePerRequestFilter.java:116)
	at org.apache.catalina.core.ApplicationFilterChain.internalDoFilter(ApplicationFilterChain.java:174)
	at org.apache.catalina.core.ApplicationFilterChain.doFilter(ApplicationFilterChain.java:149)
	at org.apache.catalina.core.StandardWrapperValve.invoke(StandardWrapperValve.java:167)
	at org.apache.catalina.core.StandardContextValve.invoke(StandardContextValve.java:90)
	at org.apache.catalina.authenticator.AuthenticatorBase.invoke(AuthenticatorBase.java:482)
	at org.apache.catalina.core.StandardHostValve.invoke(StandardHostValve.java:115)
	at org.apache.catalina.valves.ErrorReportValve.invoke(ErrorReportValve.java:93)
	at org.apache.catalina.core.StandardEngineValve.invoke(StandardEngineValve.java:74)
	at org.apache.catalina.connector.CoyoteAdapter.service(CoyoteAdapter.java:344)
	at org.apache.coyote.http11.Http11Processor.service(Http11Processor.java:391)
	at org.apache.coyote.AbstractProcessorLight.process(AbstractProcessorLight.java:63)
	at org.apache.coyote.AbstractProtocol$ConnectionHandler.process(AbstractProtocol.java:896)
	at org.apache.tomcat.util.net.NioEndpoint$SocketProcessor.doRun(NioEndpoint.java:1744)
	at org.apache.tomcat.util.net.SocketProcessorBase.run(SocketProcessorBase.java:52)
	at org.apache.tomcat.util.threads.ThreadPoolExecutor.runWorker(ThreadPoolExecutor.java:1191)
	at org.apache.tomcat.util.threads.ThreadPoolExecutor$Worker.run(ThreadPoolExecutor.java:659)
	at org.apache.tomcat.util.threads.TaskThread$WrappingRunnable.run(TaskThread.java:63)
	at java.base/java.lang.Thread.run(Thread.java:840)
25-04-19.15:11:48.288 [SpringApplicationShutdownHook] INFO  HikariDataSource       - HikariCP - Shutdown initiated...
25-04-19.15:11:48.289 [SpringApplicationShutdownHook] INFO  HikariDataSource       - HikariCP - Shutdown completed.
25-04-19.15:11:50.799 [main            ] INFO  Application            - Starting Application using Java 17.0.13 with PID 382422 (/home/sc/rep/play/xfg/ai-rag-knowledge/ai-rag-knowledge/dev/target/classes started by sc in /home/sc/rep/play/xfg/ai-rag-knowledge/ai-rag-knowledge)
25-04-19.15:11:50.800 [main            ] INFO  Application            - The following 1 profile is active: "dev"
25-04-19.15:11:51.318 [main            ] INFO  RepositoryConfigurationDelegate - Multiple Spring Data modules found, entering strict repository configuration mode
25-04-19.15:11:51.320 [main            ] INFO  RepositoryConfigurationDelegate - Bootstrapping Spring Data Redis repositories in DEFAULT mode.
25-04-19.15:11:51.337 [main            ] INFO  RepositoryConfigurationDelegate - Finished Spring Data repository scanning in 7 ms. Found 0 Redis repository interfaces.
25-04-19.15:11:51.743 [main            ] INFO  TomcatWebServer        - Tomcat initialized with port 8090 (http)
25-04-19.15:11:51.749 [main            ] INFO  Http11NioProtocol      - Initializing ProtocolHandler ["http-nio-8090"]
25-04-19.15:11:51.750 [main            ] INFO  StandardService        - Starting service [Tomcat]
25-04-19.15:11:51.750 [main            ] INFO  StandardEngine         - Starting Servlet engine: [Apache Tomcat/10.1.19]
25-04-19.15:11:51.787 [main            ] INFO  [/]                    - Initializing Spring embedded WebApplicationContext
25-04-19.15:11:51.787 [main            ] INFO  ServletWebServerApplicationContext - Root WebApplicationContext: initialization completed in 844 ms
25-04-19.15:11:52.108 [main            ] INFO  HikariDataSource       - HikariCP - Starting...
25-04-19.15:11:52.197 [main            ] INFO  HikariPool             - HikariCP - Added connection org.postgresql.jdbc.PgConnection@52ef414a
25-04-19.15:11:52.198 [main            ] INFO  HikariDataSource       - HikariCP - Start completed.
25-04-19.15:11:52.986 [main            ] INFO  Version                - Redisson 3.44.0
25-04-19.15:11:53.111 [redisson-netty-1-5] INFO  ConnectionsHolder      - 1 connections initialized for localhost/127.0.0.1:16379
25-04-19.15:11:53.126 [redisson-netty-1-14] INFO  ConnectionsHolder      - 5 connections initialized for localhost/127.0.0.1:16379
25-04-19.15:11:53.535 [main            ] INFO  Http11NioProtocol      - Starting ProtocolHandler ["http-nio-8090"]
25-04-19.15:11:53.542 [main            ] INFO  TomcatWebServer        - Tomcat started on port 8090 (http) with context path ''
25-04-19.15:11:53.548 [main            ] INFO  Application            - Started Application in 3.136 seconds (process running for 3.507)
25-04-19.15:12:08.842 [http-nio-8090-exec-1] INFO  [/]                    - Initializing Spring DispatcherServlet 'dispatcherServlet'
25-04-19.15:12:08.842 [http-nio-8090-exec-1] INFO  DispatcherServlet      - Initializing Servlet 'dispatcherServlet'
25-04-19.15:12:08.843 [http-nio-8090-exec-1] INFO  DispatcherServlet      - Completed initialization in 1 ms
25-04-19.15:12:35.452 [http-nio-8090-exec-2] ERROR [dispatcherServlet]    - Servlet.service() for servlet [dispatcherServlet] in context with path [] threw exception [Request processing failed: java.lang.IllegalArgumentException: Name for argument of type [java.lang.String] not specified, and parameter name information not available via reflection. Ensure that the compiler uses the '-parameters' flag.] with root cause
java.lang.IllegalArgumentException: Name for argument of type [java.lang.String] not specified, and parameter name information not available via reflection. Ensure that the compiler uses the '-parameters' flag.
	at org.springframework.web.method.annotation.AbstractNamedValueMethodArgumentResolver.updateNamedValueInfo(AbstractNamedValueMethodArgumentResolver.java:185)
	at org.springframework.web.method.annotation.AbstractNamedValueMethodArgumentResolver.getNamedValueInfo(AbstractNamedValueMethodArgumentResolver.java:160)
	at org.springframework.web.method.annotation.AbstractNamedValueMethodArgumentResolver.resolveArgument(AbstractNamedValueMethodArgumentResolver.java:106)
	at org.springframework.web.method.support.HandlerMethodArgumentResolverComposite.resolveArgument(HandlerMethodArgumentResolverComposite.java:122)
	at org.springframework.web.method.support.InvocableHandlerMethod.getMethodArgumentValues(InvocableHandlerMethod.java:228)
	at org.springframework.web.method.support.InvocableHandlerMethod.invokeForRequest(InvocableHandlerMethod.java:182)
	at org.springframework.web.servlet.mvc.method.annotation.ServletInvocableHandlerMethod.invokeAndHandle(ServletInvocableHandlerMethod.java:118)
	at org.springframework.web.servlet.mvc.method.annotation.RequestMappingHandlerAdapter.invokeHandlerMethod(RequestMappingHandlerAdapter.java:920)
	at org.springframework.web.servlet.mvc.method.annotation.RequestMappingHandlerAdapter.handleInternal(RequestMappingHandlerAdapter.java:830)
	at org.springframework.web.servlet.mvc.method.AbstractHandlerMethodAdapter.handle(AbstractHandlerMethodAdapter.java:87)
	at org.springframework.web.servlet.DispatcherServlet.doDispatch(DispatcherServlet.java:1089)
	at org.springframework.web.servlet.DispatcherServlet.doService(DispatcherServlet.java:979)
	at org.springframework.web.servlet.FrameworkServlet.processRequest(FrameworkServlet.java:1014)
	at org.springframework.web.servlet.FrameworkServlet.doGet(FrameworkServlet.java:903)
	at jakarta.servlet.http.HttpServlet.service(HttpServlet.java:564)
	at org.springframework.web.servlet.FrameworkServlet.service(FrameworkServlet.java:885)
	at jakarta.servlet.http.HttpServlet.service(HttpServlet.java:658)
	at org.apache.catalina.core.ApplicationFilterChain.internalDoFilter(ApplicationFilterChain.java:205)
	at org.apache.catalina.core.ApplicationFilterChain.doFilter(ApplicationFilterChain.java:149)
	at org.apache.tomcat.websocket.server.WsFilter.doFilter(WsFilter.java:51)
	at org.apache.catalina.core.ApplicationFilterChain.internalDoFilter(ApplicationFilterChain.java:174)
	at org.apache.catalina.core.ApplicationFilterChain.doFilter(ApplicationFilterChain.java:149)
	at org.springframework.web.filter.RequestContextFilter.doFilterInternal(RequestContextFilter.java:100)
	at org.springframework.web.filter.OncePerRequestFilter.doFilter(OncePerRequestFilter.java:116)
	at org.apache.catalina.core.ApplicationFilterChain.internalDoFilter(ApplicationFilterChain.java:174)
	at org.apache.catalina.core.ApplicationFilterChain.doFilter(ApplicationFilterChain.java:149)
	at org.springframework.web.filter.FormContentFilter.doFilterInternal(FormContentFilter.java:93)
	at org.springframework.web.filter.OncePerRequestFilter.doFilter(OncePerRequestFilter.java:116)
	at org.apache.catalina.core.ApplicationFilterChain.internalDoFilter(ApplicationFilterChain.java:174)
	at org.apache.catalina.core.ApplicationFilterChain.doFilter(ApplicationFilterChain.java:149)
	at org.springframework.web.filter.CharacterEncodingFilter.doFilterInternal(CharacterEncodingFilter.java:201)
	at org.springframework.web.filter.OncePerRequestFilter.doFilter(OncePerRequestFilter.java:116)
	at org.apache.catalina.core.ApplicationFilterChain.internalDoFilter(ApplicationFilterChain.java:174)
	at org.apache.catalina.core.ApplicationFilterChain.doFilter(ApplicationFilterChain.java:149)
	at org.apache.catalina.core.StandardWrapperValve.invoke(StandardWrapperValve.java:167)
	at org.apache.catalina.core.StandardContextValve.invoke(StandardContextValve.java:90)
	at org.apache.catalina.authenticator.AuthenticatorBase.invoke(AuthenticatorBase.java:482)
	at org.apache.catalina.core.StandardHostValve.invoke(StandardHostValve.java:115)
	at org.apache.catalina.valves.ErrorReportValve.invoke(ErrorReportValve.java:93)
	at org.apache.catalina.core.StandardEngineValve.invoke(StandardEngineValve.java:74)
	at org.apache.catalina.connector.CoyoteAdapter.service(CoyoteAdapter.java:344)
	at org.apache.coyote.http11.Http11Processor.service(Http11Processor.java:391)
	at org.apache.coyote.AbstractProcessorLight.process(AbstractProcessorLight.java:63)
	at org.apache.coyote.AbstractProtocol$ConnectionHandler.process(AbstractProtocol.java:896)
	at org.apache.tomcat.util.net.NioEndpoint$SocketProcessor.doRun(NioEndpoint.java:1744)
	at org.apache.tomcat.util.net.SocketProcessorBase.run(SocketProcessorBase.java:52)
	at org.apache.tomcat.util.threads.ThreadPoolExecutor.runWorker(ThreadPoolExecutor.java:1191)
	at org.apache.tomcat.util.threads.ThreadPoolExecutor$Worker.run(ThreadPoolExecutor.java:659)
	at org.apache.tomcat.util.threads.TaskThread$WrappingRunnable.run(TaskThread.java:63)
	at java.base/java.lang.Thread.run(Thread.java:840)
25-04-19.15:14:43.098 [http-nio-8090-exec-4] ERROR [dispatcherServlet]    - Servlet.service() for servlet [dispatcherServlet] in context with path [] threw exception [Request processing failed: java.lang.IllegalArgumentException: Name for argument of type [java.lang.String] not specified, and parameter name information not available via reflection. Ensure that the compiler uses the '-parameters' flag.] with root cause
java.lang.IllegalArgumentException: Name for argument of type [java.lang.String] not specified, and parameter name information not available via reflection. Ensure that the compiler uses the '-parameters' flag.
	at org.springframework.web.method.annotation.AbstractNamedValueMethodArgumentResolver.updateNamedValueInfo(AbstractNamedValueMethodArgumentResolver.java:185)
	at org.springframework.web.method.annotation.AbstractNamedValueMethodArgumentResolver.getNamedValueInfo(AbstractNamedValueMethodArgumentResolver.java:160)
	at org.springframework.web.method.annotation.AbstractNamedValueMethodArgumentResolver.resolveArgument(AbstractNamedValueMethodArgumentResolver.java:106)
	at org.springframework.web.method.support.HandlerMethodArgumentResolverComposite.resolveArgument(HandlerMethodArgumentResolverComposite.java:122)
	at org.springframework.web.method.support.InvocableHandlerMethod.getMethodArgumentValues(InvocableHandlerMethod.java:228)
	at org.springframework.web.method.support.InvocableHandlerMethod.invokeForRequest(InvocableHandlerMethod.java:182)
	at org.springframework.web.servlet.mvc.method.annotation.ServletInvocableHandlerMethod.invokeAndHandle(ServletInvocableHandlerMethod.java:118)
	at org.springframework.web.servlet.mvc.method.annotation.RequestMappingHandlerAdapter.invokeHandlerMethod(RequestMappingHandlerAdapter.java:920)
	at org.springframework.web.servlet.mvc.method.annotation.RequestMappingHandlerAdapter.handleInternal(RequestMappingHandlerAdapter.java:830)
	at org.springframework.web.servlet.mvc.method.AbstractHandlerMethodAdapter.handle(AbstractHandlerMethodAdapter.java:87)
	at org.springframework.web.servlet.DispatcherServlet.doDispatch(DispatcherServlet.java:1089)
	at org.springframework.web.servlet.DispatcherServlet.doService(DispatcherServlet.java:979)
	at org.springframework.web.servlet.FrameworkServlet.processRequest(FrameworkServlet.java:1014)
	at org.springframework.web.servlet.FrameworkServlet.doGet(FrameworkServlet.java:903)
	at jakarta.servlet.http.HttpServlet.service(HttpServlet.java:564)
	at org.springframework.web.servlet.FrameworkServlet.service(FrameworkServlet.java:885)
	at jakarta.servlet.http.HttpServlet.service(HttpServlet.java:658)
	at org.apache.catalina.core.ApplicationFilterChain.internalDoFilter(ApplicationFilterChain.java:205)
	at org.apache.catalina.core.ApplicationFilterChain.doFilter(ApplicationFilterChain.java:149)
	at org.apache.tomcat.websocket.server.WsFilter.doFilter(WsFilter.java:51)
	at org.apache.catalina.core.ApplicationFilterChain.internalDoFilter(ApplicationFilterChain.java:174)
	at org.apache.catalina.core.ApplicationFilterChain.doFilter(ApplicationFilterChain.java:149)
	at org.springframework.web.filter.RequestContextFilter.doFilterInternal(RequestContextFilter.java:100)
	at org.springframework.web.filter.OncePerRequestFilter.doFilter(OncePerRequestFilter.java:116)
	at org.apache.catalina.core.ApplicationFilterChain.internalDoFilter(ApplicationFilterChain.java:174)
	at org.apache.catalina.core.ApplicationFilterChain.doFilter(ApplicationFilterChain.java:149)
	at org.springframework.web.filter.FormContentFilter.doFilterInternal(FormContentFilter.java:93)
	at org.springframework.web.filter.OncePerRequestFilter.doFilter(OncePerRequestFilter.java:116)
	at org.apache.catalina.core.ApplicationFilterChain.internalDoFilter(ApplicationFilterChain.java:174)
	at org.apache.catalina.core.ApplicationFilterChain.doFilter(ApplicationFilterChain.java:149)
	at org.springframework.web.filter.CharacterEncodingFilter.doFilterInternal(CharacterEncodingFilter.java:201)
	at org.springframework.web.filter.OncePerRequestFilter.doFilter(OncePerRequestFilter.java:116)
	at org.apache.catalina.core.ApplicationFilterChain.internalDoFilter(ApplicationFilterChain.java:174)
	at org.apache.catalina.core.ApplicationFilterChain.doFilter(ApplicationFilterChain.java:149)
	at org.apache.catalina.core.StandardWrapperValve.invoke(StandardWrapperValve.java:167)
	at org.apache.catalina.core.StandardContextValve.invoke(StandardContextValve.java:90)
	at org.apache.catalina.authenticator.AuthenticatorBase.invoke(AuthenticatorBase.java:482)
	at org.apache.catalina.core.StandardHostValve.invoke(StandardHostValve.java:115)
	at org.apache.catalina.valves.ErrorReportValve.invoke(ErrorReportValve.java:93)
	at org.apache.catalina.core.StandardEngineValve.invoke(StandardEngineValve.java:74)
	at org.apache.catalina.connector.CoyoteAdapter.service(CoyoteAdapter.java:344)
	at org.apache.coyote.http11.Http11Processor.service(Http11Processor.java:391)
	at org.apache.coyote.AbstractProcessorLight.process(AbstractProcessorLight.java:63)
	at org.apache.coyote.AbstractProtocol$ConnectionHandler.process(AbstractProtocol.java:896)
	at org.apache.tomcat.util.net.NioEndpoint$SocketProcessor.doRun(NioEndpoint.java:1744)
	at org.apache.tomcat.util.net.SocketProcessorBase.run(SocketProcessorBase.java:52)
	at org.apache.tomcat.util.threads.ThreadPoolExecutor.runWorker(ThreadPoolExecutor.java:1191)
	at org.apache.tomcat.util.threads.ThreadPoolExecutor$Worker.run(ThreadPoolExecutor.java:659)
	at org.apache.tomcat.util.threads.TaskThread$WrappingRunnable.run(TaskThread.java:63)
	at java.base/java.lang.Thread.run(Thread.java:840)
25-04-19.15:15:24.643 [http-nio-8090-exec-5] ERROR [dispatcherServlet]    - Servlet.service() for servlet [dispatcherServlet] in context with path [] threw exception [Request processing failed: java.lang.IllegalArgumentException: Name for argument of type [java.lang.String] not specified, and parameter name information not available via reflection. Ensure that the compiler uses the '-parameters' flag.] with root cause
java.lang.IllegalArgumentException: Name for argument of type [java.lang.String] not specified, and parameter name information not available via reflection. Ensure that the compiler uses the '-parameters' flag.
	at org.springframework.web.method.annotation.AbstractNamedValueMethodArgumentResolver.updateNamedValueInfo(AbstractNamedValueMethodArgumentResolver.java:185)
	at org.springframework.web.method.annotation.AbstractNamedValueMethodArgumentResolver.getNamedValueInfo(AbstractNamedValueMethodArgumentResolver.java:160)
	at org.springframework.web.method.annotation.AbstractNamedValueMethodArgumentResolver.resolveArgument(AbstractNamedValueMethodArgumentResolver.java:106)
	at org.springframework.web.method.support.HandlerMethodArgumentResolverComposite.resolveArgument(HandlerMethodArgumentResolverComposite.java:122)
	at org.springframework.web.method.support.InvocableHandlerMethod.getMethodArgumentValues(InvocableHandlerMethod.java:228)
	at org.springframework.web.method.support.InvocableHandlerMethod.invokeForRequest(InvocableHandlerMethod.java:182)
	at org.springframework.web.servlet.mvc.method.annotation.ServletInvocableHandlerMethod.invokeAndHandle(ServletInvocableHandlerMethod.java:118)
	at org.springframework.web.servlet.mvc.method.annotation.RequestMappingHandlerAdapter.invokeHandlerMethod(RequestMappingHandlerAdapter.java:920)
	at org.springframework.web.servlet.mvc.method.annotation.RequestMappingHandlerAdapter.handleInternal(RequestMappingHandlerAdapter.java:830)
	at org.springframework.web.servlet.mvc.method.AbstractHandlerMethodAdapter.handle(AbstractHandlerMethodAdapter.java:87)
	at org.springframework.web.servlet.DispatcherServlet.doDispatch(DispatcherServlet.java:1089)
	at org.springframework.web.servlet.DispatcherServlet.doService(DispatcherServlet.java:979)
	at org.springframework.web.servlet.FrameworkServlet.processRequest(FrameworkServlet.java:1014)
	at org.springframework.web.servlet.FrameworkServlet.doGet(FrameworkServlet.java:903)
	at jakarta.servlet.http.HttpServlet.service(HttpServlet.java:564)
	at org.springframework.web.servlet.FrameworkServlet.service(FrameworkServlet.java:885)
	at jakarta.servlet.http.HttpServlet.service(HttpServlet.java:658)
	at org.apache.catalina.core.ApplicationFilterChain.internalDoFilter(ApplicationFilterChain.java:205)
	at org.apache.catalina.core.ApplicationFilterChain.doFilter(ApplicationFilterChain.java:149)
	at org.apache.tomcat.websocket.server.WsFilter.doFilter(WsFilter.java:51)
	at org.apache.catalina.core.ApplicationFilterChain.internalDoFilter(ApplicationFilterChain.java:174)
	at org.apache.catalina.core.ApplicationFilterChain.doFilter(ApplicationFilterChain.java:149)
	at org.springframework.web.filter.RequestContextFilter.doFilterInternal(RequestContextFilter.java:100)
	at org.springframework.web.filter.OncePerRequestFilter.doFilter(OncePerRequestFilter.java:116)
	at org.apache.catalina.core.ApplicationFilterChain.internalDoFilter(ApplicationFilterChain.java:174)
	at org.apache.catalina.core.ApplicationFilterChain.doFilter(ApplicationFilterChain.java:149)
	at org.springframework.web.filter.FormContentFilter.doFilterInternal(FormContentFilter.java:93)
	at org.springframework.web.filter.OncePerRequestFilter.doFilter(OncePerRequestFilter.java:116)
	at org.apache.catalina.core.ApplicationFilterChain.internalDoFilter(ApplicationFilterChain.java:174)
	at org.apache.catalina.core.ApplicationFilterChain.doFilter(ApplicationFilterChain.java:149)
	at org.springframework.web.filter.CharacterEncodingFilter.doFilterInternal(CharacterEncodingFilter.java:201)
	at org.springframework.web.filter.OncePerRequestFilter.doFilter(OncePerRequestFilter.java:116)
	at org.apache.catalina.core.ApplicationFilterChain.internalDoFilter(ApplicationFilterChain.java:174)
	at org.apache.catalina.core.ApplicationFilterChain.doFilter(ApplicationFilterChain.java:149)
	at org.apache.catalina.core.StandardWrapperValve.invoke(StandardWrapperValve.java:167)
	at org.apache.catalina.core.StandardContextValve.invoke(StandardContextValve.java:90)
	at org.apache.catalina.authenticator.AuthenticatorBase.invoke(AuthenticatorBase.java:482)
	at org.apache.catalina.core.StandardHostValve.invoke(StandardHostValve.java:115)
	at org.apache.catalina.valves.ErrorReportValve.invoke(ErrorReportValve.java:93)
	at org.apache.catalina.core.StandardEngineValve.invoke(StandardEngineValve.java:74)
	at org.apache.catalina.connector.CoyoteAdapter.service(CoyoteAdapter.java:344)
	at org.apache.coyote.http11.Http11Processor.service(Http11Processor.java:391)
	at org.apache.coyote.AbstractProcessorLight.process(AbstractProcessorLight.java:63)
	at org.apache.coyote.AbstractProtocol$ConnectionHandler.process(AbstractProtocol.java:896)
	at org.apache.tomcat.util.net.NioEndpoint$SocketProcessor.doRun(NioEndpoint.java:1744)
	at org.apache.tomcat.util.net.SocketProcessorBase.run(SocketProcessorBase.java:52)
	at org.apache.tomcat.util.threads.ThreadPoolExecutor.runWorker(ThreadPoolExecutor.java:1191)
	at org.apache.tomcat.util.threads.ThreadPoolExecutor$Worker.run(ThreadPoolExecutor.java:659)
	at org.apache.tomcat.util.threads.TaskThread$WrappingRunnable.run(TaskThread.java:63)
	at java.base/java.lang.Thread.run(Thread.java:840)
25-04-19.15:16:33.125 [SpringApplicationShutdownHook] INFO  HikariDataSource       - HikariCP - Shutdown initiated...
25-04-19.15:16:33.126 [SpringApplicationShutdownHook] INFO  HikariDataSource       - HikariCP - Shutdown completed.
25-04-19.15:16:35.230 [main            ] INFO  Application            - Starting Application using Java 17.0.13 with PID 390395 (/home/sc/rep/play/xfg/ai-rag-knowledge/ai-rag-knowledge/dev/target/classes started by sc in /home/sc/rep/play/xfg/ai-rag-knowledge/ai-rag-knowledge)
25-04-19.15:16:35.232 [main            ] INFO  Application            - The following 1 profile is active: "dev"
25-04-19.15:16:35.723 [main            ] INFO  RepositoryConfigurationDelegate - Multiple Spring Data modules found, entering strict repository configuration mode
25-04-19.15:16:35.724 [main            ] INFO  RepositoryConfigurationDelegate - Bootstrapping Spring Data Redis repositories in DEFAULT mode.
25-04-19.15:16:35.740 [main            ] INFO  RepositoryConfigurationDelegate - Finished Spring Data repository scanning in 6 ms. Found 0 Redis repository interfaces.
25-04-19.15:16:36.112 [main            ] INFO  TomcatWebServer        - Tomcat initialized with port 8090 (http)
25-04-19.15:16:36.117 [main            ] INFO  Http11NioProtocol      - Initializing ProtocolHandler ["http-nio-8090"]
25-04-19.15:16:36.118 [main            ] INFO  StandardService        - Starting service [Tomcat]
25-04-19.15:16:36.118 [main            ] INFO  StandardEngine         - Starting Servlet engine: [Apache Tomcat/10.1.19]
25-04-19.15:16:36.152 [main            ] INFO  [/]                    - Initializing Spring embedded WebApplicationContext
25-04-19.15:16:36.153 [main            ] INFO  ServletWebServerApplicationContext - Root WebApplicationContext: initialization completed in 783 ms
25-04-19.15:16:36.443 [main            ] INFO  HikariDataSource       - HikariCP - Starting...
25-04-19.15:16:36.526 [main            ] INFO  HikariPool             - HikariCP - Added connection org.postgresql.jdbc.PgConnection@22e5173
25-04-19.15:16:36.528 [main            ] INFO  HikariDataSource       - HikariCP - Start completed.
25-04-19.15:16:36.788 [main            ] INFO  Version                - Redisson 3.44.0
25-04-19.15:16:36.899 [redisson-netty-1-5] INFO  ConnectionsHolder      - 1 connections initialized for localhost/127.0.0.1:16379
25-04-19.15:16:36.914 [redisson-netty-1-14] INFO  ConnectionsHolder      - 5 connections initialized for localhost/127.0.0.1:16379
25-04-19.15:16:37.308 [main            ] INFO  Http11NioProtocol      - Starting ProtocolHandler ["http-nio-8090"]
25-04-19.15:16:37.314 [main            ] INFO  TomcatWebServer        - Tomcat started on port 8090 (http) with context path ''
25-04-19.15:16:37.320 [main            ] INFO  Application            - Started Application in 2.455 seconds (process running for 2.774)
25-04-19.15:16:39.512 [http-nio-8090-exec-1] INFO  [/]                    - Initializing Spring DispatcherServlet 'dispatcherServlet'
25-04-19.15:16:39.512 [http-nio-8090-exec-1] INFO  DispatcherServlet      - Initializing Servlet 'dispatcherServlet'
25-04-19.15:16:39.513 [http-nio-8090-exec-1] INFO  DispatcherServlet      - Completed initialization in 0 ms
25-04-19.15:16:39.530 [http-nio-8090-exec-1] ERROR [dispatcherServlet]    - Servlet.service() for servlet [dispatcherServlet] in context with path [] threw exception [Request processing failed: java.lang.IllegalArgumentException: Name for argument of type [java.lang.String] not specified, and parameter name information not available via reflection. Ensure that the compiler uses the '-parameters' flag.] with root cause
java.lang.IllegalArgumentException: Name for argument of type [java.lang.String] not specified, and parameter name information not available via reflection. Ensure that the compiler uses the '-parameters' flag.
	at org.springframework.web.method.annotation.AbstractNamedValueMethodArgumentResolver.updateNamedValueInfo(AbstractNamedValueMethodArgumentResolver.java:185)
	at org.springframework.web.method.annotation.AbstractNamedValueMethodArgumentResolver.getNamedValueInfo(AbstractNamedValueMethodArgumentResolver.java:160)
	at org.springframework.web.method.annotation.AbstractNamedValueMethodArgumentResolver.resolveArgument(AbstractNamedValueMethodArgumentResolver.java:106)
	at org.springframework.web.method.support.HandlerMethodArgumentResolverComposite.resolveArgument(HandlerMethodArgumentResolverComposite.java:122)
	at org.springframework.web.method.support.InvocableHandlerMethod.getMethodArgumentValues(InvocableHandlerMethod.java:228)
	at org.springframework.web.method.support.InvocableHandlerMethod.invokeForRequest(InvocableHandlerMethod.java:182)
	at org.springframework.web.servlet.mvc.method.annotation.ServletInvocableHandlerMethod.invokeAndHandle(ServletInvocableHandlerMethod.java:118)
	at org.springframework.web.servlet.mvc.method.annotation.RequestMappingHandlerAdapter.invokeHandlerMethod(RequestMappingHandlerAdapter.java:920)
	at org.springframework.web.servlet.mvc.method.annotation.RequestMappingHandlerAdapter.handleInternal(RequestMappingHandlerAdapter.java:830)
	at org.springframework.web.servlet.mvc.method.AbstractHandlerMethodAdapter.handle(AbstractHandlerMethodAdapter.java:87)
	at org.springframework.web.servlet.DispatcherServlet.doDispatch(DispatcherServlet.java:1089)
	at org.springframework.web.servlet.DispatcherServlet.doService(DispatcherServlet.java:979)
	at org.springframework.web.servlet.FrameworkServlet.processRequest(FrameworkServlet.java:1014)
	at org.springframework.web.servlet.FrameworkServlet.doGet(FrameworkServlet.java:903)
	at jakarta.servlet.http.HttpServlet.service(HttpServlet.java:564)
	at org.springframework.web.servlet.FrameworkServlet.service(FrameworkServlet.java:885)
	at jakarta.servlet.http.HttpServlet.service(HttpServlet.java:658)
	at org.apache.catalina.core.ApplicationFilterChain.internalDoFilter(ApplicationFilterChain.java:205)
	at org.apache.catalina.core.ApplicationFilterChain.doFilter(ApplicationFilterChain.java:149)
	at org.apache.tomcat.websocket.server.WsFilter.doFilter(WsFilter.java:51)
	at org.apache.catalina.core.ApplicationFilterChain.internalDoFilter(ApplicationFilterChain.java:174)
	at org.apache.catalina.core.ApplicationFilterChain.doFilter(ApplicationFilterChain.java:149)
	at org.springframework.web.filter.RequestContextFilter.doFilterInternal(RequestContextFilter.java:100)
	at org.springframework.web.filter.OncePerRequestFilter.doFilter(OncePerRequestFilter.java:116)
	at org.apache.catalina.core.ApplicationFilterChain.internalDoFilter(ApplicationFilterChain.java:174)
	at org.apache.catalina.core.ApplicationFilterChain.doFilter(ApplicationFilterChain.java:149)
	at org.springframework.web.filter.FormContentFilter.doFilterInternal(FormContentFilter.java:93)
	at org.springframework.web.filter.OncePerRequestFilter.doFilter(OncePerRequestFilter.java:116)
	at org.apache.catalina.core.ApplicationFilterChain.internalDoFilter(ApplicationFilterChain.java:174)
	at org.apache.catalina.core.ApplicationFilterChain.doFilter(ApplicationFilterChain.java:149)
	at org.springframework.web.filter.CharacterEncodingFilter.doFilterInternal(CharacterEncodingFilter.java:201)
	at org.springframework.web.filter.OncePerRequestFilter.doFilter(OncePerRequestFilter.java:116)
	at org.apache.catalina.core.ApplicationFilterChain.internalDoFilter(ApplicationFilterChain.java:174)
	at org.apache.catalina.core.ApplicationFilterChain.doFilter(ApplicationFilterChain.java:149)
	at org.apache.catalina.core.StandardWrapperValve.invoke(StandardWrapperValve.java:167)
	at org.apache.catalina.core.StandardContextValve.invoke(StandardContextValve.java:90)
	at org.apache.catalina.authenticator.AuthenticatorBase.invoke(AuthenticatorBase.java:482)
	at org.apache.catalina.core.StandardHostValve.invoke(StandardHostValve.java:115)
	at org.apache.catalina.valves.ErrorReportValve.invoke(ErrorReportValve.java:93)
	at org.apache.catalina.core.StandardEngineValve.invoke(StandardEngineValve.java:74)
	at org.apache.catalina.connector.CoyoteAdapter.service(CoyoteAdapter.java:344)
	at org.apache.coyote.http11.Http11Processor.service(Http11Processor.java:391)
	at org.apache.coyote.AbstractProcessorLight.process(AbstractProcessorLight.java:63)
	at org.apache.coyote.AbstractProtocol$ConnectionHandler.process(AbstractProtocol.java:896)
	at org.apache.tomcat.util.net.NioEndpoint$SocketProcessor.doRun(NioEndpoint.java:1744)
	at org.apache.tomcat.util.net.SocketProcessorBase.run(SocketProcessorBase.java:52)
	at org.apache.tomcat.util.threads.ThreadPoolExecutor.runWorker(ThreadPoolExecutor.java:1191)
	at org.apache.tomcat.util.threads.ThreadPoolExecutor$Worker.run(ThreadPoolExecutor.java:659)
	at org.apache.tomcat.util.threads.TaskThread$WrappingRunnable.run(TaskThread.java:63)
	at java.base/java.lang.Thread.run(Thread.java:840)
25-04-19.15:16:40.553 [http-nio-8090-exec-2] ERROR [dispatcherServlet]    - Servlet.service() for servlet [dispatcherServlet] in context with path [] threw exception [Request processing failed: java.lang.IllegalArgumentException: Name for argument of type [java.lang.String] not specified, and parameter name information not available via reflection. Ensure that the compiler uses the '-parameters' flag.] with root cause
java.lang.IllegalArgumentException: Name for argument of type [java.lang.String] not specified, and parameter name information not available via reflection. Ensure that the compiler uses the '-parameters' flag.
	at org.springframework.web.method.annotation.AbstractNamedValueMethodArgumentResolver.updateNamedValueInfo(AbstractNamedValueMethodArgumentResolver.java:185)
	at org.springframework.web.method.annotation.AbstractNamedValueMethodArgumentResolver.getNamedValueInfo(AbstractNamedValueMethodArgumentResolver.java:160)
	at org.springframework.web.method.annotation.AbstractNamedValueMethodArgumentResolver.resolveArgument(AbstractNamedValueMethodArgumentResolver.java:106)
	at org.springframework.web.method.support.HandlerMethodArgumentResolverComposite.resolveArgument(HandlerMethodArgumentResolverComposite.java:122)
	at org.springframework.web.method.support.InvocableHandlerMethod.getMethodArgumentValues(InvocableHandlerMethod.java:228)
	at org.springframework.web.method.support.InvocableHandlerMethod.invokeForRequest(InvocableHandlerMethod.java:182)
	at org.springframework.web.servlet.mvc.method.annotation.ServletInvocableHandlerMethod.invokeAndHandle(ServletInvocableHandlerMethod.java:118)
	at org.springframework.web.servlet.mvc.method.annotation.RequestMappingHandlerAdapter.invokeHandlerMethod(RequestMappingHandlerAdapter.java:920)
	at org.springframework.web.servlet.mvc.method.annotation.RequestMappingHandlerAdapter.handleInternal(RequestMappingHandlerAdapter.java:830)
	at org.springframework.web.servlet.mvc.method.AbstractHandlerMethodAdapter.handle(AbstractHandlerMethodAdapter.java:87)
	at org.springframework.web.servlet.DispatcherServlet.doDispatch(DispatcherServlet.java:1089)
	at org.springframework.web.servlet.DispatcherServlet.doService(DispatcherServlet.java:979)
	at org.springframework.web.servlet.FrameworkServlet.processRequest(FrameworkServlet.java:1014)
	at org.springframework.web.servlet.FrameworkServlet.doGet(FrameworkServlet.java:903)
	at jakarta.servlet.http.HttpServlet.service(HttpServlet.java:564)
	at org.springframework.web.servlet.FrameworkServlet.service(FrameworkServlet.java:885)
	at jakarta.servlet.http.HttpServlet.service(HttpServlet.java:658)
	at org.apache.catalina.core.ApplicationFilterChain.internalDoFilter(ApplicationFilterChain.java:205)
	at org.apache.catalina.core.ApplicationFilterChain.doFilter(ApplicationFilterChain.java:149)
	at org.apache.tomcat.websocket.server.WsFilter.doFilter(WsFilter.java:51)
	at org.apache.catalina.core.ApplicationFilterChain.internalDoFilter(ApplicationFilterChain.java:174)
	at org.apache.catalina.core.ApplicationFilterChain.doFilter(ApplicationFilterChain.java:149)
	at org.springframework.web.filter.RequestContextFilter.doFilterInternal(RequestContextFilter.java:100)
	at org.springframework.web.filter.OncePerRequestFilter.doFilter(OncePerRequestFilter.java:116)
	at org.apache.catalina.core.ApplicationFilterChain.internalDoFilter(ApplicationFilterChain.java:174)
	at org.apache.catalina.core.ApplicationFilterChain.doFilter(ApplicationFilterChain.java:149)
	at org.springframework.web.filter.FormContentFilter.doFilterInternal(FormContentFilter.java:93)
	at org.springframework.web.filter.OncePerRequestFilter.doFilter(OncePerRequestFilter.java:116)
	at org.apache.catalina.core.ApplicationFilterChain.internalDoFilter(ApplicationFilterChain.java:174)
	at org.apache.catalina.core.ApplicationFilterChain.doFilter(ApplicationFilterChain.java:149)
	at org.springframework.web.filter.CharacterEncodingFilter.doFilterInternal(CharacterEncodingFilter.java:201)
	at org.springframework.web.filter.OncePerRequestFilter.doFilter(OncePerRequestFilter.java:116)
	at org.apache.catalina.core.ApplicationFilterChain.internalDoFilter(ApplicationFilterChain.java:174)
	at org.apache.catalina.core.ApplicationFilterChain.doFilter(ApplicationFilterChain.java:149)
	at org.apache.catalina.core.StandardWrapperValve.invoke(StandardWrapperValve.java:167)
	at org.apache.catalina.core.StandardContextValve.invoke(StandardContextValve.java:90)
	at org.apache.catalina.authenticator.AuthenticatorBase.invoke(AuthenticatorBase.java:482)
	at org.apache.catalina.core.StandardHostValve.invoke(StandardHostValve.java:115)
	at org.apache.catalina.valves.ErrorReportValve.invoke(ErrorReportValve.java:93)
	at org.apache.catalina.core.StandardEngineValve.invoke(StandardEngineValve.java:74)
	at org.apache.catalina.connector.CoyoteAdapter.service(CoyoteAdapter.java:344)
	at org.apache.coyote.http11.Http11Processor.service(Http11Processor.java:391)
	at org.apache.coyote.AbstractProcessorLight.process(AbstractProcessorLight.java:63)
	at org.apache.coyote.AbstractProtocol$ConnectionHandler.process(AbstractProtocol.java:896)
	at org.apache.tomcat.util.net.NioEndpoint$SocketProcessor.doRun(NioEndpoint.java:1744)
	at org.apache.tomcat.util.net.SocketProcessorBase.run(SocketProcessorBase.java:52)
	at org.apache.tomcat.util.threads.ThreadPoolExecutor.runWorker(ThreadPoolExecutor.java:1191)
	at org.apache.tomcat.util.threads.ThreadPoolExecutor$Worker.run(ThreadPoolExecutor.java:659)
	at org.apache.tomcat.util.threads.TaskThread$WrappingRunnable.run(TaskThread.java:63)
	at java.base/java.lang.Thread.run(Thread.java:840)
25-04-19.15:17:20.530 [SpringApplicationShutdownHook] INFO  HikariDataSource       - HikariCP - Shutdown initiated...
25-04-19.15:17:20.531 [SpringApplicationShutdownHook] INFO  HikariDataSource       - HikariCP - Shutdown completed.
25-04-19.15:17:22.812 [main            ] INFO  Application            - Starting Application using Java 17.0.13 with PID 391970 (/home/sc/rep/play/xfg/ai-rag-knowledge/ai-rag-knowledge/dev/target/classes started by sc in /home/sc/rep/play/xfg/ai-rag-knowledge/ai-rag-knowledge)
25-04-19.15:17:22.813 [main            ] INFO  Application            - The following 1 profile is active: "dev"
25-04-19.15:17:23.298 [main            ] INFO  RepositoryConfigurationDelegate - Multiple Spring Data modules found, entering strict repository configuration mode
25-04-19.15:17:23.299 [main            ] INFO  RepositoryConfigurationDelegate - Bootstrapping Spring Data Redis repositories in DEFAULT mode.
25-04-19.15:17:23.314 [main            ] INFO  RepositoryConfigurationDelegate - Finished Spring Data repository scanning in 6 ms. Found 0 Redis repository interfaces.
25-04-19.15:17:23.681 [main            ] INFO  TomcatWebServer        - Tomcat initialized with port 8090 (http)
25-04-19.15:17:23.687 [main            ] INFO  Http11NioProtocol      - Initializing ProtocolHandler ["http-nio-8090"]
25-04-19.15:17:23.688 [main            ] INFO  StandardService        - Starting service [Tomcat]
25-04-19.15:17:23.688 [main            ] INFO  StandardEngine         - Starting Servlet engine: [Apache Tomcat/10.1.19]
25-04-19.15:17:23.723 [main            ] INFO  [/]                    - Initializing Spring embedded WebApplicationContext
25-04-19.15:17:23.723 [main            ] INFO  ServletWebServerApplicationContext - Root WebApplicationContext: initialization completed in 776 ms
25-04-19.15:17:24.012 [main            ] INFO  HikariDataSource       - HikariCP - Starting...
25-04-19.15:17:24.095 [main            ] INFO  HikariPool             - HikariCP - Added connection org.postgresql.jdbc.PgConnection@4cebf528
25-04-19.15:17:24.097 [main            ] INFO  HikariDataSource       - HikariCP - Start completed.
25-04-19.15:17:24.354 [main            ] INFO  Version                - Redisson 3.44.0
25-04-19.15:17:24.493 [redisson-netty-1-5] INFO  ConnectionsHolder      - 1 connections initialized for localhost/127.0.0.1:16379
25-04-19.15:17:24.506 [redisson-netty-1-14] INFO  ConnectionsHolder      - 5 connections initialized for localhost/127.0.0.1:16379
25-04-19.15:17:24.895 [main            ] INFO  Http11NioProtocol      - Starting ProtocolHandler ["http-nio-8090"]
25-04-19.15:17:24.901 [main            ] INFO  TomcatWebServer        - Tomcat started on port 8090 (http) with context path ''
25-04-19.15:17:24.908 [main            ] INFO  Application            - Started Application in 2.464 seconds (process running for 2.787)
25-04-19.15:17:26.488 [http-nio-8090-exec-1] INFO  [/]                    - Initializing Spring DispatcherServlet 'dispatcherServlet'
25-04-19.15:17:26.488 [http-nio-8090-exec-1] INFO  DispatcherServlet      - Initializing Servlet 'dispatcherServlet'
25-04-19.15:17:26.489 [http-nio-8090-exec-1] INFO  DispatcherServlet      - Completed initialization in 1 ms
25-04-19.15:17:45.971 [SpringApplicationShutdownHook] INFO  HikariDataSource       - HikariCP - Shutdown initiated...
25-04-19.15:17:45.973 [SpringApplicationShutdownHook] INFO  HikariDataSource       - HikariCP - Shutdown completed.
25-04-19.15:17:47.692 [main            ] INFO  Application            - Starting Application using Java 17.0.13 with PID 393043 (/home/sc/rep/play/xfg/ai-rag-knowledge/ai-rag-knowledge/dev/target/classes started by sc in /home/sc/rep/play/xfg/ai-rag-knowledge/ai-rag-knowledge)
25-04-19.15:17:47.694 [main            ] INFO  Application            - The following 1 profile is active: "dev"
25-04-19.15:17:48.222 [main            ] INFO  RepositoryConfigurationDelegate - Multiple Spring Data modules found, entering strict repository configuration mode
25-04-19.15:17:48.224 [main            ] INFO  RepositoryConfigurationDelegate - Bootstrapping Spring Data Redis repositories in DEFAULT mode.
25-04-19.15:17:48.241 [main            ] INFO  RepositoryConfigurationDelegate - Finished Spring Data repository scanning in 7 ms. Found 0 Redis repository interfaces.
25-04-19.15:17:48.654 [main            ] INFO  TomcatWebServer        - Tomcat initialized with port 8090 (http)
25-04-19.15:17:48.660 [main            ] INFO  Http11NioProtocol      - Initializing ProtocolHandler ["http-nio-8090"]
25-04-19.15:17:48.661 [main            ] INFO  StandardService        - Starting service [Tomcat]
25-04-19.15:17:48.661 [main            ] INFO  StandardEngine         - Starting Servlet engine: [Apache Tomcat/10.1.19]
25-04-19.15:17:48.697 [main            ] INFO  [/]                    - Initializing Spring embedded WebApplicationContext
25-04-19.15:17:48.697 [main            ] INFO  ServletWebServerApplicationContext - Root WebApplicationContext: initialization completed in 849 ms
25-04-19.15:17:49.016 [main            ] INFO  HikariDataSource       - HikariCP - Starting...
25-04-19.15:17:49.104 [main            ] INFO  HikariPool             - HikariCP - Added connection org.postgresql.jdbc.PgConnection@1a96a2bd
25-04-19.15:17:49.113 [main            ] INFO  HikariDataSource       - HikariCP - Start completed.
25-04-19.15:17:49.438 [main            ] INFO  Version                - Redisson 3.44.0
25-04-19.15:17:49.673 [redisson-netty-1-5] INFO  ConnectionsHolder      - 1 connections initialized for localhost/127.0.0.1:16379
25-04-19.15:17:49.685 [redisson-netty-1-14] INFO  ConnectionsHolder      - 5 connections initialized for localhost/127.0.0.1:16379
25-04-19.15:17:50.073 [main            ] INFO  Http11NioProtocol      - Starting ProtocolHandler ["http-nio-8090"]
25-04-19.15:17:50.080 [main            ] INFO  TomcatWebServer        - Tomcat started on port 8090 (http) with context path ''
25-04-19.15:17:50.086 [main            ] INFO  Application            - Started Application in 2.928 seconds (process running for 3.358)
25-04-19.15:17:51.366 [http-nio-8090-exec-1] INFO  [/]                    - Initializing Spring DispatcherServlet 'dispatcherServlet'
25-04-19.15:17:51.367 [http-nio-8090-exec-1] INFO  DispatcherServlet      - Initializing Servlet 'dispatcherServlet'
25-04-19.15:17:51.367 [http-nio-8090-exec-1] INFO  DispatcherServlet      - Completed initialization in 0 ms
25-04-19.15:45:50.067 [SpringApplicationShutdownHook] INFO  HikariDataSource       - HikariCP - Shutdown initiated...
25-04-19.15:45:50.068 [SpringApplicationShutdownHook] INFO  HikariDataSource       - HikariCP - Shutdown completed.
25-04-21.22:55:11.077 [main            ] INFO  Application            - Starting Application using Java 17.0.13 with PID 3867545 (/home/sc/rep/play/xfg/ai-rag-knowledge/ai-rag-knowledge/app/target/classes started by sc in /home/sc/rep/play/xfg/ai-rag-knowledge/ai-rag-knowledge)
25-04-21.22:55:11.079 [main            ] INFO  Application            - The following 1 profile is active: "dev"
25-04-21.22:55:11.602 [main            ] INFO  RepositoryConfigurationDelegate - Multiple Spring Data modules found, entering strict repository configuration mode
25-04-21.22:55:11.604 [main            ] INFO  RepositoryConfigurationDelegate - Bootstrapping Spring Data Redis repositories in DEFAULT mode.
25-04-21.22:55:11.621 [main            ] INFO  RepositoryConfigurationDelegate - Finished Spring Data repository scanning in 8 ms. Found 0 Redis repository interfaces.
25-04-21.22:55:12.015 [main            ] INFO  TomcatWebServer        - Tomcat initialized with port 8090 (http)
25-04-21.22:55:12.020 [main            ] INFO  Http11NioProtocol      - Initializing ProtocolHandler ["http-nio-8090"]
25-04-21.22:55:12.021 [main            ] INFO  StandardService        - Starting service [Tomcat]
25-04-21.22:55:12.021 [main            ] INFO  StandardEngine         - Starting Servlet engine: [Apache Tomcat/10.1.19]
25-04-21.22:55:12.055 [main            ] INFO  [/]                    - Initializing Spring embedded WebApplicationContext
25-04-21.22:55:12.055 [main            ] INFO  ServletWebServerApplicationContext - Root WebApplicationContext: initialization completed in 847 ms
25-04-21.22:55:12.375 [main            ] INFO  HikariDataSource       - HikariCP - Starting...
25-04-21.22:55:12.466 [main            ] INFO  HikariPool             - HikariCP - Added connection org.postgresql.jdbc.PgConnection@667087a
25-04-21.22:55:12.467 [main            ] INFO  HikariDataSource       - HikariCP - Start completed.
25-04-21.22:55:12.994 [main            ] INFO  Version                - Redisson 3.44.0
25-04-21.22:55:13.123 [redisson-netty-1-5] INFO  ConnectionsHolder      - 1 connections initialized for localhost/127.0.0.1:16379
25-04-21.22:55:13.134 [redisson-netty-1-14] INFO  ConnectionsHolder      - 5 connections initialized for localhost/127.0.0.1:16379
25-04-21.22:55:13.504 [main            ] INFO  Http11NioProtocol      - Starting ProtocolHandler ["http-nio-8090"]
25-04-21.22:55:13.510 [main            ] INFO  TomcatWebServer        - Tomcat started on port 8090 (http) with context path ''
25-04-21.22:55:13.517 [main            ] INFO  Application            - Started Application in 2.833 seconds (process running for 3.177)
25-04-21.22:57:45.538 [http-nio-8090-exec-1] INFO  [/]                    - Initializing Spring DispatcherServlet 'dispatcherServlet'
25-04-21.22:57:45.538 [http-nio-8090-exec-1] INFO  DispatcherServlet      - Initializing Servlet 'dispatcherServlet'
25-04-21.22:57:45.539 [http-nio-8090-exec-1] INFO  DispatcherServlet      - Completed initialization in 1 ms
